<?xml version="1.0" encoding="UTF-8"?>
<!-- Generated by org.testng.reporters.JUnitXMLReporter -->
<testsuite hostname="nafis-MacBook-Pro.local" ignored="2" name="Surefire test" tests="5" failures="0" timestamp="21 Mar 2020 22:03:38 GMT" time="71.691" errors="0">
  <testcase name="signInWithInvalidCredentials" time="5.514" classname="com.automationpractice.tests.LoginFunctionalityTest"/>
  <testcase name="navigateToLoginPage" time="2.892" classname="com.automationpractice.tests.HomePageTest"/>
  <testcase name="forgotPasswordWithInvalidCredentials" time="4.838" classname="com.automationpractice.tests.LoginFunctionalityTest"/>
  <testcase name="Search" time="2.879" classname="com.automationpractice.tests.HomePageTest"/>
  <testcase name="signOut" time="8.123" classname="com.automationpractice.tests.LoginFunctionalityTest"/>
  <testcase name="@AfterSuite afterSuite" time="0.0" classname="com.automationpractice.ScriptBase.AutomationPracticeScriptBaseTestNG">
    <ignored/>
  </testcase> <!-- @AfterSuite afterSuite -->
  <testcase name="@BeforeSuite beforeTest" time="0.0" classname="com.automationpractice.ScriptBase.AutomationPracticeScriptBaseTestNG">
    <ignored/>
  </testcase> <!-- @BeforeSuite beforeTest -->
</testsuite> <!-- Surefire test -->
