<?xml version="1.0" encoding="UTF-8"?>
<testsuite xmlns:xsi="http://www.w3.org/2001/XMLSchema-instance" xsi:noNamespaceSchemaLocation="https://maven.apache.org/surefire/maven-surefire-plugin/xsd/surefire-test-report.xsd" name="TestSuite" time="87.096" tests="5" errors="0" skipped="0" failures="0">
  <properties>
[...]
</properties>
  <testcase name="signInWithInvalidCredentials" classname="com.automationpractice.tests.LoginFunctionalityTest" time="5.513"/>
  <testcase name="navigateToLoginPage" classname="com.automationpractice.tests.HomePageTest" time="2.892"/>
  <testcase name="forgotPasswordWithInvalidCredentials" classname="com.automationpractice.tests.LoginFunctionalityTest" time="4.837"/>
  <testcase name="Search" classname="com.automationpractice.tests.HomePageTest" time="2.879"/>
  <testcase name="signOut" classname="com.automationpractice.tests.LoginFunctionalityTest" time="8.124"/>
</testsuite>