<?xml version="1.0" encoding="UTF-8"?>
<testng-results skipped="0" failed="0" ignored="0" total="5" passed="5">
  <reporter-output>
  </reporter-output>
  <suite name="GroupRun" duration-ms="26977" started-at="2020-07-04T14:23:48 CDT" finished-at="2020-07-04T14:24:15 CDT">
    <groups>
      <group name="regression">
        <method signature="HomePageTest.navigateToLoginPage()[pri:0, instance:com.automationpractice.tests.HomePageTest@57baeedf]" name="navigateToLoginPage" class="com.automationpractice.tests.HomePageTest"/>
        <method signature="LoginFunctionalityTest.signInWithInvalidCredentials()[pri:1, instance:com.automationpractice.tests.LoginFunctionalityTest@343f4d3d]" name="signInWithInvalidCredentials" class="com.automationpractice.tests.LoginFunctionalityTest"/>
      </group> <!-- regression -->
      <group name="smoke-test">
        <method signature="HomePageTest.Search()[pri:0, instance:com.automationpractice.tests.HomePageTest@57baeedf]" name="Search" class="com.automationpractice.tests.HomePageTest"/>
        <method signature="HomePageTest.navigateToLoginPage()[pri:0, instance:com.automationpractice.tests.HomePageTest@57baeedf]" name="navigateToLoginPage" class="com.automationpractice.tests.HomePageTest"/>
        <method signature="LoginFunctionalityTest.forgotPasswordWithInvalidCredentials()[pri:2, instance:com.automationpractice.tests.LoginFunctionalityTest@343f4d3d]" name="forgotPasswordWithInvalidCredentials" class="com.automationpractice.tests.LoginFunctionalityTest"/>
        <method signature="LoginFunctionalityTest.signInWithInvalidCredentials()[pri:1, instance:com.automationpractice.tests.LoginFunctionalityTest@343f4d3d]" name="signInWithInvalidCredentials" class="com.automationpractice.tests.LoginFunctionalityTest"/>
        <method signature="LoginFunctionalityTest.signOut()[pri:3, instance:com.automationpractice.tests.LoginFunctionalityTest@343f4d3d]" name="signOut" class="com.automationpractice.tests.LoginFunctionalityTest"/>
      </group> <!-- smoke-test -->
    </groups>
    <test name="GroupTest" duration-ms="26977" started-at="2020-07-04T14:23:48 CDT" finished-at="2020-07-04T14:24:15 CDT">
      <class name="com.automationpractice.tests.HomePageTest">
        <test-method status="PASS" signature="beforeMethod(java.lang.String, java.lang.String)[pri:0, instance:com.automationpractice.tests.HomePageTest@57baeedf]" name="beforeMethod" is-config="true" duration-ms="6638" started-at="2020-07-04T14:23:48 CDT" finished-at="2020-07-04T14:23:55 CDT">
          <params>
            <param index="0">
              <value>
                <![CDATA[chrome]]>
              </value>
            </param>
            <param index="1">
              <value>
                <![CDATA[qa]]>
              </value>
            </param>
          </params>
          <reporter-output>
          </reporter-output>
        </test-method> <!-- beforeMethod -->
        <test-method status="PASS" signature="Search()[pri:0, instance:com.automationpractice.tests.HomePageTest@57baeedf]" name="Search" duration-ms="2805" started-at="2020-07-04T14:23:55 CDT" finished-at="2020-07-04T14:23:58 CDT">
          <reporter-output>
          </reporter-output>
        </test-method> <!-- Search -->
        <test-method status="PASS" signature="beforeMethod(java.lang.String, java.lang.String)[pri:0, instance:com.automationpractice.tests.HomePageTest@57baeedf]" name="beforeMethod" is-config="true" duration-ms="3819" started-at="2020-07-04T14:23:58 CDT" finished-at="2020-07-04T14:24:01 CDT">
          <params>
            <param index="0">
              <value>
                <![CDATA[chrome]]>
              </value>
            </param>
            <param index="1">
              <value>
                <![CDATA[qa]]>
              </value>
            </param>
          </params>
          <reporter-output>
          </reporter-output>
        </test-method> <!-- beforeMethod -->
        <test-method status="PASS" signature="navigateToLoginPage()[pri:0, instance:com.automationpractice.tests.HomePageTest@57baeedf]" name="navigateToLoginPage" duration-ms="1957" started-at="2020-07-04T14:24:01 CDT" finished-at="2020-07-04T14:24:03 CDT">
          <reporter-output>
          </reporter-output>
        </test-method> <!-- navigateToLoginPage -->
      </class> <!-- com.automationpractice.tests.HomePageTest -->
      <class name="com.automationpractice.tests.LoginFunctionalityTest">
        <test-method status="PASS" signature="beforeMethod(java.lang.String, java.lang.String)[pri:0, instance:com.automationpractice.tests.LoginFunctionalityTest@343f4d3d]" name="beforeMethod" is-config="true" duration-ms="6482" started-at="2020-07-04T14:23:48 CDT" finished-at="2020-07-04T14:23:55 CDT">
          <params>
            <param index="0">
              <value>
                <![CDATA[chrome]]>
              </value>
            </param>
            <param index="1">
              <value>
                <![CDATA[qa]]>
              </value>
            </param>
          </params>
          <reporter-output>
          </reporter-output>
        </test-method> <!-- beforeMethod -->
        <test-method status="PASS" signature="signInWithInvalidCredentials()[pri:1, instance:com.automationpractice.tests.LoginFunctionalityTest@343f4d3d]" name="signInWithInvalidCredentials" duration-ms="4951" started-at="2020-07-04T14:23:55 CDT" finished-at="2020-07-04T14:24:00 CDT">
          <reporter-output>
          </reporter-output>
        </test-method> <!-- signInWithInvalidCredentials -->
        <test-method status="PASS" signature="beforeMethod(java.lang.String, java.lang.String)[pri:0, instance:com.automationpractice.tests.LoginFunctionalityTest@343f4d3d]" name="beforeMethod" is-config="true" duration-ms="3442" started-at="2020-07-04T14:24:00 CDT" finished-at="2020-07-04T14:24:03 CDT">
          <params>
            <param index="0">
              <value>
                <![CDATA[chrome]]>
              </value>
            </param>
            <param index="1">
              <value>
                <![CDATA[qa]]>
              </value>
            </param>
          </params>
          <reporter-output>
          </reporter-output>
        </test-method> <!-- beforeMethod -->
        <test-method status="PASS" signature="forgotPasswordWithInvalidCredentials()[pri:2, instance:com.automationpractice.tests.LoginFunctionalityTest@343f4d3d]" name="forgotPasswordWithInvalidCredentials" duration-ms="4086" started-at="2020-07-04T14:24:03 CDT" finished-at="2020-07-04T14:24:07 CDT">
          <reporter-output>
          </reporter-output>
        </test-method> <!-- forgotPasswordWithInvalidCredentials -->
        <test-method status="PASS" signature="beforeMethod(java.lang.String, java.lang.String)[pri:0, instance:com.automationpractice.tests.LoginFunctionalityTest@343f4d3d]" name="beforeMethod" is-config="true" duration-ms="3311" started-at="2020-07-04T14:24:07 CDT" finished-at="2020-07-04T14:24:10 CDT">
          <params>
            <param index="0">
              <value>
                <![CDATA[chrome]]>
              </value>
            </param>
            <param index="1">
              <value>
                <![CDATA[qa]]>
              </value>
            </param>
          </params>
          <reporter-output>
          </reporter-output>
        </test-method> <!-- beforeMethod -->
        <test-method status="PASS" signature="signOut()[pri:3, instance:com.automationpractice.tests.LoginFunctionalityTest@343f4d3d]" name="signOut" duration-ms="4672" started-at="2020-07-04T14:24:10 CDT" finished-at="2020-07-04T14:24:15 CDT">
          <reporter-output>
          </reporter-output>
        </test-method> <!-- signOut -->
      </class> <!-- com.automationpractice.tests.LoginFunctionalityTest -->
    </test> <!-- GroupTest -->
  </suite> <!-- GroupRun -->
</testng-results>
